Determining if the pthread_create exist failed with the following output:
Change Dir: /home/jkzhang/lidar_slam/github_repo/lidar_slam/HW2/odom_ws/build/CMakeFiles/CMakeTmp

Run Build Command:"/usr/bin/make" "cmTC_010ae/fast"
/usr/bin/make -f CMakeFiles/cmTC_010ae.dir/build.make CMakeFiles/cmTC_010ae.dir/build
make[1]: Entering directory '/home/jkzhang/lidar_slam/github_repo/lidar_slam/HW2/odom_ws/build/CMakeFiles/CMakeTmp'
Building C object CMakeFiles/cmTC_010ae.dir/CheckSymbolExists.c.o
/usr/bin/cc     -o CMakeFiles/cmTC_010ae.dir/CheckSymbolExists.c.o   -c /home/jkzhang/lidar_slam/github_repo/lidar_slam/HW2/odom_ws/build/CMakeFiles/CMakeTmp/CheckSymbolExists.c
Linking C executable cmTC_010ae
/usr/bin/cmake -E cmake_link_script CMakeFiles/cmTC_010ae.dir/link.txt --verbose=1
/usr/bin/cc       CMakeFiles/cmTC_010ae.dir/CheckSymbolExists.c.o  -o cmTC_010ae -rdynamic 
CMakeFiles/cmTC_010ae.dir/CheckSymbolExists.c.o: In function `main':
CheckSymbolExists.c:(.text+0x16): undefined reference to `pthread_create'
collect2: error: ld returned 1 exit status
CMakeFiles/cmTC_010ae.dir/build.make:97: recipe for target 'cmTC_010ae' failed
make[1]: *** [cmTC_010ae] Error 1
make[1]: Leaving directory '/home/jkzhang/lidar_slam/github_repo/lidar_slam/HW2/odom_ws/build/CMakeFiles/CMakeTmp'
Makefile:126: recipe for target 'cmTC_010ae/fast' failed
make: *** [cmTC_010ae/fast] Error 2

File /home/jkzhang/lidar_slam/github_repo/lidar_slam/HW2/odom_ws/build/CMakeFiles/CMakeTmp/CheckSymbolExists.c:
/* */
#include <pthread.h>

int main(int argc, char** argv)
{
  (void)argv;
#ifndef pthread_create
  return ((int*)(&pthread_create))[argc];
#else
  (void)argc;
  return 0;
#endif
}

Determining if the function pthread_create exists in the pthreads failed with the following output:
Change Dir: /home/jkzhang/lidar_slam/github_repo/lidar_slam/HW2/odom_ws/build/CMakeFiles/CMakeTmp

Run Build Command:"/usr/bin/make" "cmTC_9e92a/fast"
/usr/bin/make -f CMakeFiles/cmTC_9e92a.dir/build.make CMakeFiles/cmTC_9e92a.dir/build
make[1]: Entering directory '/home/jkzhang/lidar_slam/github_repo/lidar_slam/HW2/odom_ws/build/CMakeFiles/CMakeTmp'
Building C object CMakeFiles/cmTC_9e92a.dir/CheckFunctionExists.c.o
/usr/bin/cc    -DCHECK_FUNCTION_EXISTS=pthread_create   -o CMakeFiles/cmTC_9e92a.dir/CheckFunctionExists.c.o   -c /usr/share/cmake-3.5/Modules/CheckFunctionExists.c
Linking C executable cmTC_9e92a
/usr/bin/cmake -E cmake_link_script CMakeFiles/cmTC_9e92a.dir/link.txt --verbose=1
/usr/bin/cc   -DCHECK_FUNCTION_EXISTS=pthread_create    CMakeFiles/cmTC_9e92a.dir/CheckFunctionExists.c.o  -o cmTC_9e92a -rdynamic -lpthreads 
/usr/bin/ld: cannot find -lpthreads
collect2: error: ld returned 1 exit status
CMakeFiles/cmTC_9e92a.dir/build.make:97: recipe for target 'cmTC_9e92a' failed
make[1]: *** [cmTC_9e92a] Error 1
make[1]: Leaving directory '/home/jkzhang/lidar_slam/github_repo/lidar_slam/HW2/odom_ws/build/CMakeFiles/CMakeTmp'
Makefile:126: recipe for target 'cmTC_9e92a/fast' failed
make: *** [cmTC_9e92a/fast] Error 2


